#-----------------------------------------------------------
# Vivado v2019.2 (64-bit)
# SW Build 2708876 on Wed Nov  6 21:40:23 MST 2019
# IP Build 2700528 on Thu Nov  7 00:09:20 MST 2019
# Start of session at: Mon Aug 31 15:24:08 2020
# Process ID: 8784
# Current directory: C:/Users/hr193/Desktop/HPPSI/HPPSI
# Command line: vivado.exe -gui_launcher_event rodinguilauncherevent7244 C:\Users\hr193\Desktop\HPPSI\HPPSI\HPPSI.xpr
# Log file: C:/Users/hr193/Desktop/HPPSI/HPPSI/vivado.log
# Journal file: C:/Users/hr193/Desktop/HPPSI/HPPSI\vivado.jou
#-----------------------------------------------------------
start_gui
open_project C:/Users/hr193/Desktop/HPPSI/HPPSI/HPPSI.xpr
Scanning sources...
Finished scanning sources
INFO: [IP_Flow 19-234] Refreshing IP repositories
INFO: [IP_Flow 19-1700] Loaded user IP repository 'c:/Users/hr193/Documents/Xilinx/Projects/HPPSI_cora/vivado-library-master'.
INFO: [IP_Flow 19-2313] Loaded Vivado IP repository 'C:/Xilinx/Vivado/2019.2/data/ip'.
open_project: Time (s): cpu = 00:00:27 ; elapsed = 00:00:20 . Memory (MB): peak = 984.535 ; gain = 334.047
update_compile_order -fileset sources_1
write_hw_platform -fixed -force  -include_bit -file C:/Users/hr193/Desktop/HPPSI/HPPSI/HPPSI.xsa
INFO: [Vivado 12-4895] Creating Hardware Platform: C:/Users/hr193/Desktop/HPPSI/HPPSI/HPPSI.xsa ...
INFO: [Hsi 55-2053] elapsed time for repository (C:/Xilinx/Vivado/2019.2/data\embeddedsw) loading 0 seconds
WARNING: [Project 1-645] Board images not set in Hardware Platform.
ERROR: [Common 17-70] Application Exception: Need an implemented design open to write bitstream. Aborting write_hw_platform..
write_hw_platform -fixed -force  -include_bit -file C:/Users/hr193/Desktop/HPPSI/HPPSI/HPPSI.xsa
INFO: [Vivado 12-4895] Creating Hardware Platform: C:/Users/hr193/Desktop/HPPSI/HPPSI/HPPSI.xsa ...
WARNING: [Project 1-645] Board images not set in Hardware Platform.
ERROR: [Common 17-70] Application Exception: Need an implemented design open to write bitstream. Aborting write_hw_platform..
open_bd_design {C:/Users/hr193/Desktop/HPPSI/HPPSI/HPPSI.srcs/sources_1/bd/design_1/design_1.bd}
Adding component instance block -- xilinx.com:ip:processing_system7:5.5 - processing_system7_0
WARNING: [BD 41-176] The physical port 'M_AXI_GP0_aximm_wr_socket' specified in the portmap, is not found on the block! 
WARNING: [BD 41-176] The physical port 'M_AXI_GP0_aximm_rd_socket' specified in the portmap, is not found on the block! 
Adding component instance block -- xilinx.com:ip:proc_sys_reset:5.0 - rst_ps7_0_50M
Adding component instance block -- digilentinc.com:IP:PmodAD2:1.0 - PmodAD2_0
Adding component instance block -- digilentinc.com:IP:PmodAD2:1.0 - PmodAD2_1
Adding component instance block -- xilinx.com:ip:axi_gpio:2.0 - axi_gpio_0
Adding component instance block -- xilinx.com:ip:axi_gpio:2.0 - axi_gpio_1
Adding component instance block -- xilinx.com:ip:axi_timer:2.0 - axi_timer_0
Adding component instance block -- xilinx.com:ip:axi_interconnect:2.1 - ps7_0_axi_periph
Adding component instance block -- xilinx.com:ip:axi_crossbar:2.1 - xbar
Adding component instance block -- xilinx.com:ip:axi_protocol_converter:2.1 - auto_pc
Adding component instance block -- xilinx.com:ip:xadc_wiz:3.3 - xadc_wiz_0
Adding component instance block -- xilinx.com:ip:xlslice:1.0 - xlslice_0
Adding component instance block -- xilinx.com:ip:xlslice:1.0 - xlslice_1
Adding component instance block -- xilinx.com:ip:xlslice:1.0 - xlslice_2
Adding component instance block -- xilinx.com:ip:xlslice:1.0 - xlslice_3
Adding component instance block -- xilinx.com:ip:xlslice:1.0 - xlslice_4
Adding component instance block -- xilinx.com:ip:xlslice:1.0 - xlslice_5
Adding component instance block -- xilinx.com:ip:xlslice:1.0 - xlslice_6
Adding component instance block -- xilinx.com:ip:xlslice:1.0 - xlslice_7
Adding component instance block -- xilinx.com:ip:xlslice:1.0 - xlslice_8
Adding component instance block -- xilinx.com:ip:xlslice:1.0 - xlslice_9
Successfully read diagram <design_1> from BD file <C:/Users/hr193/Desktop/HPPSI/HPPSI/HPPSI.srcs/sources_1/bd/design_1/design_1.bd>
open_bd_design: Time (s): cpu = 00:00:13 ; elapsed = 00:00:11 . Memory (MB): peak = 1302.445 ; gain = 0.000
launch_runs impl_1 -to_step write_bitstream -jobs 8
[Mon Aug 31 15:26:57 2020] Launched impl_1...
Run output will be captured here: C:/Users/hr193/Desktop/HPPSI/HPPSI/HPPSI.runs/impl_1/runme.log
open_run impl_1
INFO: [Device 21-403] Loading part xc7z007sclg400-1
Netlist sorting complete. Time (s): cpu = 00:00:00 ; elapsed = 00:00:00.204 . Memory (MB): peak = 1465.805 ; gain = 0.000
INFO: [Netlist 29-17] Analyzing 133 Unisim elements for replacement
INFO: [Netlist 29-28] Unisim Transformation completed in 0 CPU seconds
INFO: [Project 1-479] Netlist was created with Vivado 2019.2
INFO: [Project 1-570] Preparing netlist for logic optimization
INFO: [Timing 38-478] Restoring timing data from binary archive.
INFO: [Timing 38-479] Binary timing data restore complete.
INFO: [Project 1-856] Restoring constraints from binary archive.
INFO: [Project 1-853] Binary constraint restore complete.
Reading XDEF placement.
Reading placer database...
Reading XDEF routing.
Read XDEF File: Time (s): cpu = 00:00:01 ; elapsed = 00:00:00.562 . Memory (MB): peak = 2164.039 ; gain = 0.000
Restored from archive | CPU: 1.000000 secs | Memory: 0.000000 MB |
Finished XDEF File Restore: Time (s): cpu = 00:00:01 ; elapsed = 00:00:00.562 . Memory (MB): peak = 2164.039 ; gain = 0.000
Netlist sorting complete. Time (s): cpu = 00:00:00 ; elapsed = 00:00:00.002 . Memory (MB): peak = 2164.039 ; gain = 0.000
INFO: [Project 1-111] Unisim Transformation Summary:
  A total of 16 instances were transformed.
  IOBUF => IOBUF (IBUF, OBUFT): 16 instances

open_run: Time (s): cpu = 00:00:30 ; elapsed = 00:00:22 . Memory (MB): peak = 2272.625 ; gain = 970.180
write_hw_platform -fixed -force  -include_bit -file C:/Users/hr193/Desktop/HPPSI/HPPSI/HPPSI.xsa
INFO: [Vivado 12-4895] Creating Hardware Platform: C:/Users/hr193/Desktop/HPPSI/HPPSI/HPPSI.xsa ...
WARNING: [Project 1-645] Board images not set in Hardware Platform.
INFO: [Vivado 12-4896] Successfully created Hardware Platform: C:/Users/hr193/Desktop/HPPSI/HPPSI/HPPSI.xsa
write_hw_platform: Time (s): cpu = 00:00:23 ; elapsed = 00:00:22 . Memory (MB): peak = 2441.074 ; gain = 168.449
INFO: [Vivado 12-8231] Launching Vitis
INFO: [Vivado 12-417] Running vitis
INFO: [Vivado 12-8232] Vitis launch initiated. Please check console for any further messages.
open_hw_manager
connect_hw_server -allow_non_jtag
INFO: [Labtools 27-2285] Connecting to hw_server url TCP:localhost:3121
INFO: [Labtools 27-2222] Launching hw_server...
INFO: [Labtools 27-2221] Launch Output:

****** Xilinx hw_server v2019.2
  **** Build date : Nov  6 2019 at 22:12:23
    ** Copyright 1986-2019 Xilinx, Inc. All Rights Reserved.


INFO: [Labtools 27-3415] Connecting to cs_server url TCP:localhost:3042
INFO: [Labtools 27-3417] Launching cs_server...
INFO: [Labtools 27-2221] Launch Output:


****** Xilinx cs_server v2019.2.0
  **** Build date : Nov 07 2019-06:28:22
    ** Copyright 2017-2019 Xilinx, Inc. All Rights Reserved.



connect_hw_server: Time (s): cpu = 00:00:01 ; elapsed = 00:00:09 . Memory (MB): peak = 2465.707 ; gain = 17.555
disconnect_hw_server localhost:3121
connect_hw_server -allow_non_jtag
INFO: [Labtools 27-2285] Connecting to hw_server url TCP:localhost:3121
INFO: [Labtools 27-3415] Connecting to cs_server url TCP:localhost:3042
INFO: [Labtools 27-3414] Connected to existing cs_server.
disconnect_hw_server localhost:3121
connect_hw_server -allow_non_jtag
INFO: [Labtools 27-2285] Connecting to hw_server url TCP:localhost:3121
INFO: [Labtools 27-3415] Connecting to cs_server url TCP:localhost:3042
INFO: [Labtools 27-3417] Launching cs_server...
INFO: [Labtools 27-2221] Launch Output:


****** Xilinx cs_server v2019.2.0
  **** Build date : Nov 07 2019-06:28:22
    ** Copyright 2017-2019 Xilinx, Inc. All Rights Reserved.



connect_hw_server: Time (s): cpu = 00:00:01 ; elapsed = 00:00:29 . Memory (MB): peak = 2465.707 ; gain = 0.000
open_hw_target
INFO: [Labtoolstcl 44-466] Opening hw_target localhost:3121/xilinx_tcf/Digilent/210370A92F23A
open_hw_target: Time (s): cpu = 00:00:05 ; elapsed = 00:00:10 . Memory (MB): peak = 3682.535 ; gain = 1216.828
set_property PROGRAM.FILE {C:/Users/hr193/Desktop/HPPSI/HPPSI/HPPSI.runs/impl_1/design_1_wrapper.bit} [get_hw_devices xc7z007s_1]
current_hw_device [get_hw_devices xc7z007s_1]
refresh_hw_device -update_hw_probes false [lindex [get_hw_devices xc7z007s_1] 0]
ERROR: [Labtools 27-2312] Device xc7z007s_1 is no longer available.
Check cable connectivity and that the target board is powered up then
use the disconnect_hw_server and connect_hw_server to re-initialize the hardware target.
Use open_hw_target to re-register the hardware device.
ERROR: [Labtoolstcl 44-513] HW Target shutdown. Closing target: localhost:3121/xilinx_tcf/Digilent/210370A92F23A
INFO: [Labtoolstcl 44-466] Opening hw_target localhost:3121/xilinx_tcf/Digilent/210370A92F23A
WARNING: [Labtoolstcl 44-129] No matching hw_ila_data was found.
INFO: [Labtools 27-1435] Device xc7z007s (JTAG device index = 1) is not programmed (DONE status = 0).
WARNING: [Labtoolstcl 44-129] No matching hw_ila_data was found.
set_property PROBES.FILE {} [get_hw_devices xc7z007s_1]
set_property FULL_PROBES.FILE {} [get_hw_devices xc7z007s_1]
set_property PROGRAM.FILE {C:/Users/hr193/Desktop/HPPSI/HPPSI/HPPSI.runs/impl_1/design_1_wrapper.bit} [get_hw_devices xc7z007s_1]
program_hw_devices [get_hw_devices xc7z007s_1]
INFO: [Labtools 27-3164] End of startup status: HIGH
refresh_hw_device [lindex [get_hw_devices xc7z007s_1] 0]
INFO: [Labtools 27-1434] Device xc7z007s (JTAG device index = 1) is programmed with a design that has no supported debug core(s) in it.
open_bd_design {C:/Users/hr193/Desktop/HPPSI/HPPSI/HPPSI.srcs/sources_1/bd/design_1/design_1.bd}
ERROR: [Labtoolstcl 44-513] HW Target shutdown. Closing target: localhost:3121/xilinx_tcf/Digilent/210370A92F23A
INFO: [Labtoolstcl 44-466] Opening hw_target localhost:3121/xilinx_tcf/Digilent/210370A92F23A
WARNING: [Labtoolstcl 44-129] No matching hw_ila_data was found.
INFO: [Labtools 27-1435] Device xc7z007s (JTAG device index = 1) is not programmed (DONE status = 0).
WARNING: [Labtoolstcl 44-129] No matching hw_ila_data was found.
reset_run synth_1
WARNING: [Vivado 12-1017] Problems encountered:
1. Failed to delete one or more files in run directory C:/Users/hr193/Desktop/HPPSI/HPPSI/HPPSI.runs/synth_1

launch_runs impl_1 -to_step write_bitstream -jobs 8
[Tue Sep  1 13:57:20 2020] Launched synth_1...
Run output will be captured here: C:/Users/hr193/Desktop/HPPSI/HPPSI/HPPSI.runs/synth_1/runme.log
[Tue Sep  1 13:57:20 2020] Launched impl_1...
Run output will be captured here: C:/Users/hr193/Desktop/HPPSI/HPPSI/HPPSI.runs/impl_1/runme.log
write_hw_platform -fixed -force  -include_bit -file C:/Users/hr193/Desktop/HPPSI/HPPSI/HPPSI.xsa
INFO: [Vivado 12-4895] Creating Hardware Platform: C:/Users/hr193/Desktop/HPPSI/HPPSI/HPPSI.xsa ...
WARNING: [Project 1-645] Board images not set in Hardware Platform.
INFO: [Vivado 12-4896] Successfully created Hardware Platform: C:/Users/hr193/Desktop/HPPSI/HPPSI/HPPSI.xsa
write_hw_platform: Time (s): cpu = 00:00:26 ; elapsed = 00:00:28 . Memory (MB): peak = 4134.605 ; gain = 106.848
ERROR: [Labtoolstcl 44-513] HW Target shutdown. Closing target: localhost:3121/xilinx_tcf/Digilent/210370A92F23A
INFO: [Labtoolstcl 44-466] Opening hw_target localhost:3121/xilinx_tcf/Digilent/210370A92F23A
WARNING: [Labtoolstcl 44-129] No matching hw_ila_data was found.
INFO: [Labtools 27-1435] Device xc7z007s (JTAG device index = 1) is not programmed (DONE status = 0).
WARNING: [Labtoolstcl 44-129] No matching hw_ila_data was found.
open_bd_design {C:/Users/hr193/Desktop/HPPSI/HPPSI/HPPSI.srcs/sources_1/bd/design_1/design_1.bd}
startgroup
set_property -dict [list CONFIG.DIN_FROM {2} CONFIG.DOUT_WIDTH {3}] [get_bd_cells xlslice_0]
endgroup
startgroup
set_property -dict [list CONFIG.DIN_TO {3} CONFIG.DIN_FROM {5} CONFIG.DOUT_WIDTH {3}] [get_bd_cells xlslice_1]
endgroup
startgroup
set_property -dict [list CONFIG.DIN_TO {6} CONFIG.DIN_FROM {8} CONFIG.DOUT_WIDTH {3}] [get_bd_cells xlslice_2]
endgroup
startgroup
set_property -dict [list CONFIG.DIN_TO {9} CONFIG.DIN_FROM {11} CONFIG.DOUT_WIDTH {3}] [get_bd_cells xlslice_3]
endgroup
startgroup
set_property -dict [list CONFIG.DIN_TO {12} CONFIG.DIN_FROM {14} CONFIG.DOUT_WIDTH {3}] [get_bd_cells xlslice_4]
endgroup
startgroup
set_property -dict [list CONFIG.DIN_TO {15} CONFIG.DIN_FROM {17} CONFIG.DOUT_WIDTH {3}] [get_bd_cells xlslice_5]
endgroup
startgroup
set_property -dict [list CONFIG.DIN_TO {18} CONFIG.DIN_FROM {20} CONFIG.DOUT_WIDTH {3}] [get_bd_cells xlslice_6]
endgroup
startgroup
set_property -dict [list CONFIG.DIN_TO {21} CONFIG.DIN_FROM {23} CONFIG.DOUT_WIDTH {3}] [get_bd_cells xlslice_7]
endgroup
startgroup
set_property -dict [list CONFIG.DIN_TO {24} CONFIG.DIN_FROM {26} CONFIG.DIN_WIDTH {32} CONFIG.DOUT_WIDTH {3}] [get_bd_cells xlslice_8]
endgroup
startgroup
set_property -dict [list CONFIG.DIN_TO {27} CONFIG.DIN_FROM {29} CONFIG.DIN_WIDTH {32} CONFIG.DOUT_WIDTH {3}] [get_bd_cells xlslice_9]
endgroup
delete_bd_objs [get_bd_nets axi_gpio_1_gpio2_io_o]
connect_bd_net [get_bd_pins xlslice_8/Din] [get_bd_pins axi_gpio_1/gpio_io_o]
connect_bd_net [get_bd_pins xlslice_9/Din] [get_bd_pins axi_gpio_1/gpio_io_o]
delete_bd_objs [get_bd_nets xlslice_0_Dout] [get_bd_ports MUX_SE1]
delete_bd_objs [get_bd_nets xlslice_1_Dout] [get_bd_ports MUX_SE2]
delete_bd_objs [get_bd_nets xlslice_2_Dout] [get_bd_ports MUX_SE3]
delete_bd_objs [get_bd_nets xlslice_3_Dout] [get_bd_ports MUX_SE4]
delete_bd_objs [get_bd_nets xlslice_4_Dout] [get_bd_ports MUX_SE5]
delete_bd_objs [get_bd_nets xlslice_5_Dout] [get_bd_ports MUX_SE6]
delete_bd_objs [get_bd_nets xlslice_6_Dout] [get_bd_ports MUX_SE7]
delete_bd_objs [get_bd_nets xlslice_7_Dout] [get_bd_ports MUX_SE8]
delete_bd_objs [get_bd_nets xlslice_8_Dout] [get_bd_ports MUX_SE9]
delete_bd_objs [get_bd_nets xlslice_9_Dout]
copy_bd_objs /  [get_bd_ports {MUX_SE10}]
delete_bd_objs [get_bd_ports MUX_SE11]
create_bd_port -dir O -from 0 -to 29 MUX_SE
create_bd_port -dir O -from 9 -to 0 MUX_EN
startgroup
set_property -dict [list CONFIG.C_GPIO_WIDTH {30} CONFIG.C_GPIO2_WIDTH {10}] [get_bd_cells axi_gpio_1]
endgroup
delete_bd_objs [get_bd_nets Net]
delete_bd_objs [get_bd_cells xlslice_0]
delete_bd_objs [get_bd_cells xlslice_1]
delete_bd_objs [get_bd_cells xlslice_2]
delete_bd_objs [get_bd_cells xlslice_3]
delete_bd_objs [get_bd_cells xlslice_4]
delete_bd_objs [get_bd_cells xlslice_5]
delete_bd_objs [get_bd_cells xlslice_6]
delete_bd_objs [get_bd_cells xlslice_7]
delete_bd_objs [get_bd_cells xlslice_8]
delete_bd_objs [get_bd_cells xlslice_9]
connect_bd_net [get_bd_ports MUX_SE] [get_bd_pins axi_gpio_1/gpio_io_o]
WARNING: [BD 41-1306] The connection to interface pin /axi_gpio_1/gpio_io_o is being overridden by the user. This pin will not be connected as a part of interface connection GPIO
connect_bd_net [get_bd_ports MUX_EN] [get_bd_pins axi_gpio_1/gpio2_io_o]
WARNING: [BD 41-1306] The connection to interface pin /axi_gpio_1/gpio2_io_o is being overridden by the user. This pin will not be connected as a part of interface connection GPIO2
delete_bd_objs [get_bd_ports MUX_SE10]
open_bd_design {C:/Users/hr193/Desktop/HPPSI/HPPSI/HPPSI.srcs/sources_1/bd/design_1/design_1.bd}
set_property name MUX_SEL [get_bd_ports MUX_SE]
save_bd_design
Wrote  : <C:\Users\hr193\Desktop\HPPSI\HPPSI\HPPSI.srcs\sources_1\bd\design_1\design_1.bd> 
Wrote  : <C:/Users/hr193/Desktop/HPPSI/HPPSI/HPPSI.srcs/sources_1/bd/design_1/ui/bd_1f5defd0.ui> 
reset_run synth_1
WARNING: [Vivado 12-1017] Problems encountered:
1. Failed to delete one or more files in run directory C:/Users/hr193/Desktop/HPPSI/HPPSI/HPPSI.runs/synth_1

reset_run design_1_axi_gpio_1_0_synth_1
WARNING: [Vivado 12-1017] Problems encountered:
1. Failed to delete one or more files in run directory C:/Users/hr193/Desktop/HPPSI/HPPSI/HPPSI.runs/design_1_axi_gpio_1_0_synth_1

launch_runs impl_1 -to_step write_bitstream -jobs 8
WARNING: [BD 41-927] Following properties on pin /PmodAD2_0/s_axi_aclk have been updated from connected ip. They may not be synchronized with cell properties. You can set property on pin directly to confirm the value and resolve the warning.
	FREQ_HZ=5e+07 
WARNING: [BD 41-927] Following properties on pin /PmodAD2_1/s_axi_aclk have been updated from connected ip. They may not be synchronized with cell properties. You can set property on pin directly to confirm the value and resolve the warning.
	FREQ_HZ=5e+07 
WARNING: [BD 41-927] Following properties on pin /xadc_wiz_0/s_axi_aclk have been updated from connected ip. They may not be synchronized with cell properties. You can set property on pin directly to confirm the value and resolve the warning.
	FREQ_HZ=5e+07 
Wrote  : <C:\Users\hr193\Desktop\HPPSI\HPPSI\HPPSI.srcs\sources_1\bd\design_1\design_1.bd> 
VHDL Output written to : C:/Users/hr193/Desktop/HPPSI/HPPSI/HPPSI.srcs/sources_1/bd/design_1/synth/design_1.vhd
VHDL Output written to : C:/Users/hr193/Desktop/HPPSI/HPPSI/HPPSI.srcs/sources_1/bd/design_1/sim/design_1.vhd
VHDL Output written to : C:/Users/hr193/Desktop/HPPSI/HPPSI/HPPSI.srcs/sources_1/bd/design_1/hdl/design_1_wrapper.vhd
INFO: [BD 41-1029] Generation completed for the IP Integrator block processing_system7_0 .
INFO: [BD 41-1029] Generation completed for the IP Integrator block axi_timer_0 .
INFO: [BD 41-1029] Generation completed for the IP Integrator block rst_ps7_0_50M .
INFO: [BD 41-1029] Generation completed for the IP Integrator block axi_gpio_0 .
INFO: [BD 41-1029] Generation completed for the IP Integrator block PmodAD2_0 .
INFO: [BD 41-1029] Generation completed for the IP Integrator block PmodAD2_1 .
INFO: [BD 41-1029] Generation completed for the IP Integrator block xadc_wiz_0 .
INFO: [BD 41-1029] Generation completed for the IP Integrator block axi_gpio_1 .
INFO: [BD 41-1029] Generation completed for the IP Integrator block ps7_0_axi_periph/xbar .
WARNING: [IP_Flow 19-4994] Overwriting existing constraint file 'c:/Users/hr193/Desktop/HPPSI/HPPSI/HPPSI.srcs/sources_1/bd/design_1/ip/design_1_auto_pc_0/design_1_auto_pc_0_ooc.xdc'
INFO: [BD 41-1029] Generation completed for the IP Integrator block ps7_0_axi_periph/s00_couplers/auto_pc .
Exporting to file C:/Users/hr193/Desktop/HPPSI/HPPSI/HPPSI.srcs/sources_1/bd/design_1/hw_handoff/design_1.hwh
Generated Block Design Tcl file C:/Users/hr193/Desktop/HPPSI/HPPSI/HPPSI.srcs/sources_1/bd/design_1/hw_handoff/design_1_bd.tcl
Generated Hardware Definition File C:/Users/hr193/Desktop/HPPSI/HPPSI/HPPSI.srcs/sources_1/bd/design_1/synth/design_1.hwdef
INFO: [IP_Flow 19-5642] Done with IP cache export for multiple IPs
[Thu Sep  3 23:05:35 2020] Launched design_1_axi_gpio_1_0_synth_1, design_1_auto_pc_0_synth_1, synth_1...
Run output will be captured here:
design_1_axi_gpio_1_0_synth_1: C:/Users/hr193/Desktop/HPPSI/HPPSI/HPPSI.runs/design_1_axi_gpio_1_0_synth_1/runme.log
design_1_auto_pc_0_synth_1: C:/Users/hr193/Desktop/HPPSI/HPPSI/HPPSI.runs/design_1_auto_pc_0_synth_1/runme.log
synth_1: C:/Users/hr193/Desktop/HPPSI/HPPSI/HPPSI.runs/synth_1/runme.log
[Thu Sep  3 23:05:35 2020] Launched impl_1...
Run output will be captured here: C:/Users/hr193/Desktop/HPPSI/HPPSI/HPPSI.runs/impl_1/runme.log
launch_runs: Time (s): cpu = 00:00:05 ; elapsed = 00:00:12 . Memory (MB): peak = 4203.340 ; gain = 26.945
open_bd_design {C:/Users/hr193/Desktop/HPPSI/HPPSI/HPPSI.srcs/sources_1/bd/design_1/design_1.bd}
close_design
open_bd_design {C:/Users/hr193/Desktop/HPPSI/HPPSI/HPPSI.srcs/sources_1/bd/design_1/design_1.bd}
reset_run synth_1
WARNING: [Vivado 12-1017] Problems encountered:
1. Failed to delete one or more files in run directory C:/Users/hr193/Desktop/HPPSI/HPPSI/HPPSI.runs/synth_1

launch_runs impl_1 -to_step write_bitstream -jobs 8
[Thu Sep  3 23:13:52 2020] Launched synth_1...
Run output will be captured here: C:/Users/hr193/Desktop/HPPSI/HPPSI/HPPSI.runs/synth_1/runme.log
[Thu Sep  3 23:13:52 2020] Launched impl_1...
Run output will be captured here: C:/Users/hr193/Desktop/HPPSI/HPPSI/HPPSI.runs/impl_1/runme.log
reset_run synth_1
WARNING: [Vivado 12-1017] Problems encountered:
1. Failed to delete one or more files in run directory C:/Users/hr193/Desktop/HPPSI/HPPSI/HPPSI.runs/synth_1

launch_runs synth_1 -jobs 8
[Thu Sep  3 23:18:34 2020] Launched synth_1...
Run output will be captured here: C:/Users/hr193/Desktop/HPPSI/HPPSI/HPPSI.runs/synth_1/runme.log
launch_runs impl_1 -jobs 8
[Thu Sep  3 23:19:42 2020] Launched impl_1...
Run output will be captured here: C:/Users/hr193/Desktop/HPPSI/HPPSI/HPPSI.runs/impl_1/runme.log
open_run impl_1
Netlist sorting complete. Time (s): cpu = 00:00:00 ; elapsed = 00:00:00.212 . Memory (MB): peak = 4765.359 ; gain = 0.000
INFO: [Netlist 29-17] Analyzing 133 Unisim elements for replacement
INFO: [Netlist 29-28] Unisim Transformation completed in 0 CPU seconds
INFO: [Project 1-479] Netlist was created with Vivado 2019.2
INFO: [Project 1-570] Preparing netlist for logic optimization
INFO: [Timing 38-478] Restoring timing data from binary archive.
INFO: [Timing 38-479] Binary timing data restore complete.
INFO: [Project 1-856] Restoring constraints from binary archive.
INFO: [Project 1-853] Binary constraint restore complete.
Reading XDEF placement.
Reading placer database...
Reading XDEF routing.
Read XDEF File: Time (s): cpu = 00:00:00 ; elapsed = 00:00:00.902 . Memory (MB): peak = 4765.359 ; gain = 0.000
Restored from archive | CPU: 0.000000 secs | Memory: 0.000000 MB |
Finished XDEF File Restore: Time (s): cpu = 00:00:00 ; elapsed = 00:00:00.903 . Memory (MB): peak = 4765.359 ; gain = 0.000
Netlist sorting complete. Time (s): cpu = 00:00:00 ; elapsed = 00:00:00.002 . Memory (MB): peak = 4765.359 ; gain = 0.000
INFO: [Project 1-111] Unisim Transformation Summary:
  A total of 16 instances were transformed.
  IOBUF => IOBUF (IBUF, OBUFT): 16 instances

open_run: Time (s): cpu = 00:00:11 ; elapsed = 00:00:10 . Memory (MB): peak = 4765.359 ; gain = 0.000
launch_runs impl_1 -to_step write_bitstream -jobs 8
[Thu Sep  3 23:22:25 2020] Launched impl_1...
Run output will be captured here: C:/Users/hr193/Desktop/HPPSI/HPPSI/HPPSI.runs/impl_1/runme.log
set_property is_loc_fixed true [get_ports [list  {MUX_SEL[29]} {MUX_SEL[28]} {MUX_SEL[27]} {MUX_SEL[26]} {MUX_SEL[25]} {MUX_SEL[24]} {MUX_SEL[23]} {MUX_SEL[22]} {MUX_SEL[21]} {MUX_SEL[20]} {MUX_SEL[19]} {MUX_SEL[18]} {MUX_SEL[17]} {MUX_SEL[16]} {MUX_SEL[15]} {MUX_SEL[14]} {MUX_SEL[13]} {MUX_SEL[12]} {MUX_SEL[11]} {MUX_SEL[10]} {MUX_SEL[9]} {MUX_SEL[8]} {MUX_SEL[7]} {MUX_SEL[6]} {MUX_SEL[5]} {MUX_SEL[4]} {MUX_SEL[3]} {MUX_SEL[2]} {MUX_SEL[1]} {MUX_SEL[0]}]]
save_constraints -force
reset_run synth_1
WARNING: [Vivado 12-1017] Problems encountered:
1. Failed to delete one or more files in run directory C:/Users/hr193/Desktop/HPPSI/HPPSI/HPPSI.runs/synth_1

launch_runs impl_1 -to_step write_bitstream -jobs 8
[Thu Sep  3 23:26:20 2020] Launched synth_1...
Run output will be captured here: C:/Users/hr193/Desktop/HPPSI/HPPSI/HPPSI.runs/synth_1/runme.log
[Thu Sep  3 23:26:21 2020] Launched impl_1...
Run output will be captured here: C:/Users/hr193/Desktop/HPPSI/HPPSI/HPPSI.runs/impl_1/runme.log
write_hw_platform -fixed -force  -include_bit -file C:/Users/hr193/Desktop/HPPSI/HPPSI/HPPSI.xsa
INFO: [Vivado 12-4895] Creating Hardware Platform: C:/Users/hr193/Desktop/HPPSI/HPPSI/HPPSI.xsa ...
WARNING: [Project 1-645] Board images not set in Hardware Platform.
INFO: [Vivado 12-4896] Successfully created Hardware Platform: C:/Users/hr193/Desktop/HPPSI/HPPSI/HPPSI.xsa
write_hw_platform: Time (s): cpu = 00:00:10 ; elapsed = 00:00:10 . Memory (MB): peak = 4765.359 ; gain = 0.000
create_ip_run [get_files -of_objects [get_fileset sources_1] C:/Users/hr193/Desktop/HPPSI/HPPSI/HPPSI.srcs/sources_1/bd/design_1/design_1.bd]
refresh_design
Netlist sorting complete. Time (s): cpu = 00:00:00 ; elapsed = 00:00:00.200 . Memory (MB): peak = 4765.359 ; gain = 0.000
INFO: [Netlist 29-17] Analyzing 133 Unisim elements for replacement
INFO: [Netlist 29-28] Unisim Transformation completed in 0 CPU seconds
INFO: [Project 1-479] Netlist was created with Vivado 2019.2
INFO: [Project 1-570] Preparing netlist for logic optimization
INFO: [Timing 38-478] Restoring timing data from binary archive.
INFO: [Timing 38-479] Binary timing data restore complete.
INFO: [Project 1-856] Restoring constraints from binary archive.
INFO: [Project 1-853] Binary constraint restore complete.
Reading XDEF placement.
Reading placer database...
Reading XDEF routing.
Read XDEF File: Time (s): cpu = 00:00:01 ; elapsed = 00:00:00.658 . Memory (MB): peak = 4765.359 ; gain = 0.000
Restored from archive | CPU: 1.000000 secs | Memory: 0.000000 MB |
Finished XDEF File Restore: Time (s): cpu = 00:00:01 ; elapsed = 00:00:00.658 . Memory (MB): peak = 4765.359 ; gain = 0.000
refresh_design: Time (s): cpu = 00:00:11 ; elapsed = 00:00:08 . Memory (MB): peak = 4765.359 ; gain = 0.000
write_hw_platform -fixed -force  -include_bit -file C:/Users/hr193/Desktop/HPPSI/HPPSI/HPPSI.xsa
INFO: [Vivado 12-4895] Creating Hardware Platform: C:/Users/hr193/Desktop/HPPSI/HPPSI/HPPSI.xsa ...
WARNING: [Project 1-645] Board images not set in Hardware Platform.
INFO: [Vivado 12-4896] Successfully created Hardware Platform: C:/Users/hr193/Desktop/HPPSI/HPPSI/HPPSI.xsa
write_hw_platform: Time (s): cpu = 00:00:10 ; elapsed = 00:00:10 . Memory (MB): peak = 4765.359 ; gain = 0.000
INFO: [Vivado 12-8231] Launching Vitis
INFO: [Vivado 12-417] Running vitis
INFO: [Vivado 12-8232] Vitis launch initiated. Please check console for any further messages.
reset_run impl_1 -prev_step 
launch_runs impl_1 -to_step write_bitstream -jobs 8
[Fri Sep  4 00:07:59 2020] Launched impl_1...
Run output will be captured here: C:/Users/hr193/Desktop/HPPSI/HPPSI/HPPSI.runs/impl_1/runme.log
write_hw_platform -fixed -force  -include_bit -file C:/Users/hr193/Desktop/HPPSI/HPPSI/HPPSI.xsa
INFO: [Vivado 12-4895] Creating Hardware Platform: C:/Users/hr193/Desktop/HPPSI/HPPSI/HPPSI.xsa ...
WARNING: [Project 1-645] Board images not set in Hardware Platform.
INFO: [Vivado 12-4896] Successfully created Hardware Platform: C:/Users/hr193/Desktop/HPPSI/HPPSI/HPPSI.xsa
write_hw_platform: Time (s): cpu = 00:00:12 ; elapsed = 00:00:12 . Memory (MB): peak = 4765.359 ; gain = 0.000
INFO: [Vivado 12-8231] Launching Vitis
INFO: [Vivado 12-417] Running vitis
INFO: [Vivado 12-8232] Vitis launch initiated. Please check console for any further messages.
ERROR: [Labtoolstcl 44-513] HW Target shutdown. Closing target: localhost:3121/xilinx_tcf/Digilent/210370A92F23A
